<?xml version="1.0" encoding="UTF-8"?>
<!-- Generated by org.testng.reporters.JUnitXMLReporter -->
<testsuite ignored="0" hostname="TYSS-Adarsh" failures="0" tests="1" name="Test-runner 1" time="0.035" errors="0" timestamp="2022-03-16T12:43:09 IST">
  <testcase classname="com.crm.autodesk.GenericUtilities.BaseClass" name="@BeforeClass bc" time="-1.647414789268E9">
    <failure type="org.testng.TestNGException" message="
Parameter &amp;apos;browser&amp;apos; is required by BeforeClass on method bc but has not been marked @Optional or defined
in C:\Users\Adarsh M\eclipse-workspace\com.crm.autodeskSeleniumFramework\DistributedParalleltestng.xml">
      <![CDATA[org.testng.TestNGException: 
Parameter 'browser' is required by BeforeClass on method bc but has not been marked @Optional or defined
in C:\Users\Adarsh M\eclipse-workspace\com.crm.autodeskSeleniumFramework\DistributedParalleltestng.xml
at java.base/java.util.concurrent.ThreadPoolExecutor.runWorker(ThreadPoolExecutor.java:1130)
at java.base/java.util.concurrent.ThreadPoolExecutor$Worker.run(ThreadPoolExecutor.java:630)
at java.base/java.lang.Thread.run(Thread.java:831)
... Removed 7 stack frames]]>
    </failure>
  </testcase> <!-- @BeforeClass bc -->
  <testcase classname="com.crm.autodesk.GenericUtilities.BaseClass" name="@BeforeMethod bm" time="-1.64741478928E9">
    <skipped/>
  </testcase> <!-- @BeforeMethod bm -->
  <testcase classname="com.crm.autodesk.GenericUtilities.BaseClass" name="@AfterMethod am" time="-1.647414789284E9">
    <skipped/>
  </testcase> <!-- @AfterMethod am -->
  <testcase classname="com.crm.autodesk.GenericUtilities.BaseClass" name="@AfterClass ac" time="-1.647414789286E9">
    <skipped/>
  </testcase> <!-- @AfterClass ac -->
  <testcase classname="com.crm.autodesk.organizationTest.CreateOrganizationWithIndustryTest" name="createOrganization" time="0.0">
    <skipped/>
  </testcase> <!-- createOrganization -->
</testsuite> <!-- Test-runner 1 -->
